// 重构日志: 9616d8fb
// 重构日志: bf827640
// 重构日志: 48723638
// 同步 ID: 067b1c4b @ Sun Jun 28 09:24:47 UTC 2026
// 同步 ID: 0ce4777a @ Sun Jul  5 15:15:19 UTC 2026
// 重构日志: f9c27bfb
// 重构日志: d6da343d
// 重构日志: 656ff4e5
// 同步 ID: 0a0d7c96 @ Tue Jul 14 06:07:44 UTC 2026
// 重构日志: 7091e0f2
// 重构日志: eeda5c86
// 重构日志: 0c201c58
// 重构日志: ae9cfd1b
// 同步 ID: 1435c66e @ Sat Jul 18 11:11:17 UTC 2026
// 同步 ID: b8de11a2 @ Sun Jul 19 07:17:27 UTC 2026
// 同步 ID: 0903ad52 @ Sun Jul 19 11:47:04 UTC 2026
// 同步 ID: 5002e0ad @ Mon Jul 20 09:14:22 UTC 2026
// 同步 ID: 756b9949 @ Tue Jul 21 04:53:40 UTC 2026
// 重构日志: 1abb0247
// 重构日志: 83a1d5a8
// 重构日志: 42b97eab
// 重构日志: 97ab8f72
// 重构日志: 28b34b9f
// 重构日志: 680261c9
